pixel5:
  calibrationPars:
    -  0.645543
    -  11.8821
  calibrationParsError:
    -  0.537672
    -  0.0905013
  calibrationParsElectrons:
    -  0.645543
    -  0.0427757
  calibrationParsErrorElectrons:
    -  0.540068
    -  0.000327254
  chi2: 1.26706
  NDF: 1

pixel6:
  calibrationPars:
    -  2.08735
    -  12.1805
  calibrationParsError:
    -  0.590846
    -  0.0995731
  calibrationParsElectrons:
    -  2.08735
    -  0.0438497
  calibrationParsErrorElectrons:
    -  0.590647
    -  0.000358342
  chi2: 11.4182
  NDF: 1

pixel9:
  calibrationPars:
    -  0.027303
    -  12.0366
  calibrationParsError:
    -  0.531734
    -  0.0893408
  calibrationParsElectrons:
    -  0.027303
    -  0.0433319
  calibrationParsErrorElectrons:
    -  0.531721
    -  0.000321619
  chi2: 0.00231691
  NDF: 1

pixel10:
  calibrationPars:
    -  3.61778
    -  12.1639
  calibrationParsError:
    -  0.538522
    -  0.0902282
  calibrationParsElectrons:
    -  3.61778
    -  0.0437901
  calibrationParsErrorElectrons:
    -  0.538582
    -  0.000324858
  chi2: 34.022
  NDF: 1

