pixel5:
  nFits: 2
  fits:
    - params:
        - 568.385
        - 70.7424
        - 0.864391
      parerrors:
        - 15.1225
        - 0.0194635
        - 0.016951
      chi2: 26.8391
      NDF: 6
      peak: 70.7424
      peakerror: 0.0194635

    - params:
        - 54.0833
        - 77.7732
        - 0.789779
        - 10.4193
      parerrors:
        - 5.68313
        - 0.0809118
        - 0.0957792
        - 2.2248
      chi2: 4.31107
      NDF: 5
      peak: 77.7732
      peakerror: 0.0809118

pixel6:
  nFits: 2
  fits:
    - params:
        - 580.05
        - 73.9171
        - 0.885781
      parerrors:
        - 15.2347
        - 0.019295
        - 0.0168703
      chi2: 34.149
      NDF: 7
      peak: 73.9171
      peakerror: 0.019295

    - params:
        - 52.0394
        - 80.9342
        - 0.787652
        - 11.8366
      parerrors:
        - 5.63883
        - 0.080008
        - 0.0926837
        - 2.79618
      chi2: 3.43503
      NDF: 5
      peak: 80.9342
      peakerror: 0.080008

pixel9:
  nFits: 2
  fits:
    - params:
        - 587.687
        - 71.0508
        - 0.861341
      parerrors:
        - 15.3539
        - 0.0201151
        - 0.0175483
      chi2: 15.3314
      NDF: 5
      peak: 71.0508
      peakerror: 0.0201151

    - params:
        - 59.4004
        - 78.2241
        - 0.813647
        - 9.45543
      parerrors:
        - 5.68643
        - 0.0761115
        - 0.0845828
        - 1.81737
      chi2: 7.60554
      NDF: 6
      peak: 78.2241
      peakerror: 0.0761115

pixel10:
  nFits: 2
  fits:
    - params:
        - 549.896
        - 75.4093
        - 0.880303
        - nan
        - nan
      parerrors:
        - 15.0507
        - 0.0223521
        - 0.0202949
        - 0
        - 0
      chi2: 12.6069
      NDF: 6
      peak: 75.4093
      peakerror: 0.0223521

    - params:
        - 61.8031
        - 82.3324
        - 0.528948
        - 14.5528
      parerrors:
        - 7.19914
        - 0.0579589
        - 0.0593295
        - 1.88686
      chi2: 5.67441
      NDF: 6
      peak: 82.3324
      peakerror: 0.0579589

