Seed:
  nFits: 3
  fits:
    - params:
        - 42.7042
        - 1142.24
        - 20.7766
        - 17.4993
      parerrors:
        - 5.14208
        - 2.41245
        - 4.53792
        - 4.39728
      chi2: 8.55507
      NDF: 8
      peak: 1142.24
      peakerror: 2.41245

    - params:
        - 2117.03
        - 1634.84
        - 17.392
      parerrors:
        - 28.8939
        - 0.240164
        - 0.200486
      chi2: 6.27518
      NDF: 5
      peak: 1634.84
      peakerror: 0.240164

    - params:
        - 123.251
        - 1791.18
        - 19.4061
      parerrors:
        - 6.41644
        - 0.934495
        - 0.710401
      chi2: 17.1909
      NDF: 6
      peak: 1791.18
      peakerror: 0.934495

Cluster:
  nFits: 3
  fits:
    - params:
        - 45.7444
        - 1146.46
        - 16.2641
        - 69.7162
      parerrors:
        - 8.08088
        - 2.86175
        - 3.85118
        - 4.67276
      chi2: 5.0371
      NDF: 8
      peak: 1146.46
      peakerror: 2.86175

    - params:
        - 2258.28
        - 1634.57
        - 17.9737
      parerrors:
        - 29.9671
        - 0.249272
        - 0.222301
      chi2: 10.1536
      NDF: 4
      peak: 1634.57
      peakerror: 0.249272

    - params:
        - 251.519
        - 1793.81
        - 19.1008
      parerrors:
        - 9.43965
        - 0.6971
        - 0.570607
      chi2: 23.2139
      NDF: 5
      peak: 1793.81
      peakerror: 0.6971

